<?xml version="1.0" encoding="UTF-8"?>
<robot generator="Robot 6.1.1 (Python 3.11.4 on darwin)" generated="20230809 22:37:55.747" rpa="false" schemaversion="4">
<suite id="s1" name="Api Test" source="/Users/nick/Documents/3311Project/3311project-main/api_test.robot">
<kw name="Create Session" library="RequestsLibrary" type="SETUP">
<arg>localhost</arg>
<arg>http://localhost:8080</arg>
<doc>Create Session: create a HTTP session to a server</doc>
<msg timestamp="20230809 22:37:55.793" level="INFO">Creating Session using : alias=localhost, url=http://localhost:8080, headers={},                     cookies={}, auth=None, timeout=None, proxies=None, verify=False,                     debug=0 </msg>
<status status="PASS" starttime="20230809 22:37:55.793" endtime="20230809 22:37:55.793"/>
</kw>
<test id="s1-t1" name="addActorPassBacon" line="8">
<kw name="Create Dictionary" library="BuiltIn">
<var>${headers}</var>
<arg>Content-Type=application/json</arg>
<doc>Creates and returns a dictionary based on the given ``items``.</doc>
<msg timestamp="20230809 22:37:55.793" level="INFO">${headers} = {'Content-Type': 'application/json'}</msg>
<status status="PASS" starttime="20230809 22:37:55.793" endtime="20230809 22:37:55.793"/>
</kw>
<kw name="Create Dictionary" library="BuiltIn">
<var>${params}</var>
<arg>actorId=nm0000102</arg>
<arg>name=Kevin Bacon</arg>
<doc>Creates and returns a dictionary based on the given ``items``.</doc>
<msg timestamp="20230809 22:37:55.793" level="INFO">${params} = {'actorId': 'nm0000102', 'name': 'Kevin Bacon'}</msg>
<status status="PASS" starttime="20230809 22:37:55.793" endtime="20230809 22:37:55.793"/>
</kw>
<kw name="PUT On Session" library="RequestsLibrary">
<var>${resp}</var>
<arg>localhost</arg>
<arg>/api/v1/addActor/</arg>
<arg>json=${params}</arg>
<arg>headers=${headers}</arg>
<arg>expected_status=200</arg>
<doc>Sends a PUT request on a previously created HTTP Session.</doc>
<msg timestamp="20230809 22:37:55.834" level="INFO">PUT Request : url=http://localhost:8080/api/v1/addActor/ 
 path_url=/api/v1/addActor/ 
 headers={'User-Agent': 'python-requests/2.31.0', 'Accept-Encoding': 'gzip, deflate', 'Accept': '*/*', 'Connection': 'keep-alive', 'Content-Type': 'application/json', 'Content-Length': '47'} 
 body=b'{"actorId": "nm0000102", "name": "Kevin Bacon"}' 
 </msg>
<msg timestamp="20230809 22:37:55.834" level="INFO">PUT Response : url=http://localhost:8080/api/v1/addActor/ 
 status=200, reason=OK 
 headers={'Date': 'Thu, 10 Aug 2023 02:37:55 GMT', 'Content-type': 'text/plain; charset=UTF-8', 'Content-length': '25'} 
 body=Actor added successfully. 
 </msg>
<msg timestamp="20230809 22:37:55.834" level="INFO">${resp} = &lt;Response [200]&gt;</msg>
<status status="PASS" starttime="20230809 22:37:55.793" endtime="20230809 22:37:55.834"/>
</kw>
<status status="PASS" starttime="20230809 22:37:55.793" endtime="20230809 22:37:55.834"/>
</test>
<test id="s1-t2" name="addActorPass" line="13">
<kw name="Create Dictionary" library="BuiltIn">
<var>${headers}</var>
<arg>Content-Type=application/json</arg>
<doc>Creates and returns a dictionary based on the given ``items``.</doc>
<msg timestamp="20230809 22:37:55.834" level="INFO">${headers} = {'Content-Type': 'application/json'}</msg>
<status status="PASS" starttime="20230809 22:37:55.834" endtime="20230809 22:37:55.834"/>
</kw>
<kw name="Create Dictionary" library="BuiltIn">
<var>${params}</var>
<arg>actorId=100</arg>
<arg>name=al pacino</arg>
<doc>Creates and returns a dictionary based on the given ``items``.</doc>
<msg timestamp="20230809 22:37:55.835" level="INFO">${params} = {'actorId': '100', 'name': 'al pacino'}</msg>
<status status="PASS" starttime="20230809 22:37:55.835" endtime="20230809 22:37:55.835"/>
</kw>
<kw name="PUT On Session" library="RequestsLibrary">
<var>${resp}</var>
<arg>localhost</arg>
<arg>/api/v1/addActor/</arg>
<arg>json=${params}</arg>
<arg>headers=${headers}</arg>
<arg>expected_status=200</arg>
<doc>Sends a PUT request on a previously created HTTP Session.</doc>
<msg timestamp="20230809 22:37:55.875" level="INFO">PUT Request : url=http://localhost:8080/api/v1/addActor/ 
 path_url=/api/v1/addActor/ 
 headers={'User-Agent': 'python-requests/2.31.0', 'Accept-Encoding': 'gzip, deflate', 'Accept': '*/*', 'Connection': 'keep-alive', 'Content-Type': 'application/json', 'Content-Length': '39'} 
 body=b'{"actorId": "100", "name": "al pacino"}' 
 </msg>
<msg timestamp="20230809 22:37:55.875" level="INFO">PUT Response : url=http://localhost:8080/api/v1/addActor/ 
 status=200, reason=OK 
 headers={'Date': 'Thu, 10 Aug 2023 02:37:55 GMT', 'Content-type': 'text/plain; charset=UTF-8', 'Content-length': '25'} 
 body=Actor added successfully. 
 </msg>
<msg timestamp="20230809 22:37:55.875" level="INFO">${resp} = &lt;Response [200]&gt;</msg>
<status status="PASS" starttime="20230809 22:37:55.835" endtime="20230809 22:37:55.875"/>
</kw>
<status status="PASS" starttime="20230809 22:37:55.834" endtime="20230809 22:37:55.875"/>
</test>
<test id="s1-t3" name="addActorFail" line="18">
<kw name="Create Dictionary" library="BuiltIn">
<var>${headers}</var>
<arg>Content-Type=application/json</arg>
<doc>Creates and returns a dictionary based on the given ``items``.</doc>
<msg timestamp="20230809 22:37:55.875" level="INFO">${headers} = {'Content-Type': 'application/json'}</msg>
<status status="PASS" starttime="20230809 22:37:55.875" endtime="20230809 22:37:55.875"/>
</kw>
<kw name="Create Dictionary" library="BuiltIn">
<var>${params}</var>
<arg>actorId=100</arg>
<arg>name=al pacino</arg>
<doc>Creates and returns a dictionary based on the given ``items``.</doc>
<msg timestamp="20230809 22:37:55.875" level="INFO">${params} = {'actorId': '100', 'name': 'al pacino'}</msg>
<status status="PASS" starttime="20230809 22:37:55.875" endtime="20230809 22:37:55.875"/>
</kw>
<kw name="PUT On Session" library="RequestsLibrary">
<var>${resp}</var>
<arg>localhost</arg>
<arg>/api/v1/addActor/</arg>
<arg>json=${params}</arg>
<arg>headers=${headers}</arg>
<arg>expected_status=400</arg>
<doc>Sends a PUT request on a previously created HTTP Session.</doc>
<msg timestamp="20230809 22:37:55.888" level="INFO">PUT Request : url=http://localhost:8080/api/v1/addActor/ 
 path_url=/api/v1/addActor/ 
 headers={'User-Agent': 'python-requests/2.31.0', 'Accept-Encoding': 'gzip, deflate', 'Accept': '*/*', 'Connection': 'keep-alive', 'Content-Type': 'application/json', 'Content-Length': '39'} 
 body=b'{"actorId": "100", "name": "al pacino"}' 
 </msg>
<msg timestamp="20230809 22:37:55.888" level="INFO">PUT Response : url=http://localhost:8080/api/v1/addActor/ 
 status=400, reason=Bad Request 
 headers={'Date': 'Thu, 10 Aug 2023 02:37:55 GMT', 'Content-type': 'text/plain; charset=UTF-8', 'Content-length': '47'} 
 body=Bad Request: Actor with id: 100 already exists. 
 </msg>
<msg timestamp="20230809 22:37:55.888" level="INFO">${resp} = &lt;Response [400]&gt;</msg>
<status status="PASS" starttime="20230809 22:37:55.875" endtime="20230809 22:37:55.888"/>
</kw>
<status status="PASS" starttime="20230809 22:37:55.875" endtime="20230809 22:37:55.888"/>
</test>
<test id="s1-t4" name="addMoviePass" line="23">
<kw name="Create Dictionary" library="BuiltIn">
<var>${headers}</var>
<arg>Content-Type=application/json</arg>
<doc>Creates and returns a dictionary based on the given ``items``.</doc>
<msg timestamp="20230809 22:37:55.889" level="INFO">${headers} = {'Content-Type': 'application/json'}</msg>
<status status="PASS" starttime="20230809 22:37:55.888" endtime="20230809 22:37:55.889"/>
</kw>
<kw name="Create Dictionary" library="BuiltIn">
<var>${params}</var>
<arg>movieId=10</arg>
<arg>name=a few good men</arg>
<doc>Creates and returns a dictionary based on the given ``items``.</doc>
<msg timestamp="20230809 22:37:55.889" level="INFO">${params} = {'movieId': '10', 'name': 'a few good men'}</msg>
<status status="PASS" starttime="20230809 22:37:55.889" endtime="20230809 22:37:55.889"/>
</kw>
<kw name="PUT On Session" library="RequestsLibrary">
<var>${resp}</var>
<arg>localhost</arg>
<arg>/api/v1/addMovie/</arg>
<arg>json=${params}</arg>
<arg>headers=${headers}</arg>
<arg>expected_status=200</arg>
<doc>Sends a PUT request on a previously created HTTP Session.</doc>
<msg timestamp="20230809 22:37:55.928" level="INFO">PUT Request : url=http://localhost:8080/api/v1/addMovie/ 
 path_url=/api/v1/addMovie/ 
 headers={'User-Agent': 'python-requests/2.31.0', 'Accept-Encoding': 'gzip, deflate', 'Accept': '*/*', 'Connection': 'keep-alive', 'Content-Type': 'application/json', 'Content-Length': '43'} 
 body=b'{"movieId": "10", "name": "a few good men"}' 
 </msg>
<msg timestamp="20230809 22:37:55.928" level="INFO">PUT Response : url=http://localhost:8080/api/v1/addMovie/ 
 status=200, reason=OK 
 headers={'Date': 'Thu, 10 Aug 2023 02:37:55 GMT', 'Content-type': 'text/plain; charset=UTF-8', 'Content-length': '25'} 
 body=Movie added successfully. 
 </msg>
<msg timestamp="20230809 22:37:55.928" level="INFO">${resp} = &lt;Response [200]&gt;</msg>
<status status="PASS" starttime="20230809 22:37:55.889" endtime="20230809 22:37:55.928"/>
</kw>
<status status="PASS" starttime="20230809 22:37:55.888" endtime="20230809 22:37:55.928"/>
</test>
<test id="s1-t5" name="addMovieFail" line="28">
<kw name="Create Dictionary" library="BuiltIn">
<var>${headers}</var>
<arg>Content-Type=application/json</arg>
<doc>Creates and returns a dictionary based on the given ``items``.</doc>
<msg timestamp="20230809 22:37:55.929" level="INFO">${headers} = {'Content-Type': 'application/json'}</msg>
<status status="PASS" starttime="20230809 22:37:55.928" endtime="20230809 22:37:55.929"/>
</kw>
<kw name="Create Dictionary" library="BuiltIn">
<var>${params}</var>
<arg>movieId=10</arg>
<arg>name=a few good men</arg>
<doc>Creates and returns a dictionary based on the given ``items``.</doc>
<msg timestamp="20230809 22:37:55.929" level="INFO">${params} = {'movieId': '10', 'name': 'a few good men'}</msg>
<status status="PASS" starttime="20230809 22:37:55.929" endtime="20230809 22:37:55.929"/>
</kw>
<kw name="PUT On Session" library="RequestsLibrary">
<var>${resp}</var>
<arg>localhost</arg>
<arg>/api/v1/addMovie/</arg>
<arg>json=${params}</arg>
<arg>headers=${headers}</arg>
<arg>expected_status=400</arg>
<doc>Sends a PUT request on a previously created HTTP Session.</doc>
<msg timestamp="20230809 22:37:55.936" level="INFO">PUT Request : url=http://localhost:8080/api/v1/addMovie/ 
 path_url=/api/v1/addMovie/ 
 headers={'User-Agent': 'python-requests/2.31.0', 'Accept-Encoding': 'gzip, deflate', 'Accept': '*/*', 'Connection': 'keep-alive', 'Content-Type': 'application/json', 'Content-Length': '43'} 
 body=b'{"movieId": "10", "name": "a few good men"}' 
 </msg>
<msg timestamp="20230809 22:37:55.936" level="INFO">PUT Response : url=http://localhost:8080/api/v1/addMovie/ 
 status=400, reason=Bad Request 
 headers={'Date': 'Thu, 10 Aug 2023 02:37:55 GMT', 'Content-type': 'text/plain; charset=UTF-8', 'Content-length': '46'} 
 body=Bad Request: Movie with id: 10 already exists. 
 </msg>
<msg timestamp="20230809 22:37:55.936" level="INFO">${resp} = &lt;Response [400]&gt;</msg>
<status status="PASS" starttime="20230809 22:37:55.929" endtime="20230809 22:37:55.936"/>
</kw>
<status status="PASS" starttime="20230809 22:37:55.928" endtime="20230809 22:37:55.936"/>
</test>
<test id="s1-t6" name="addRelationshipPass" line="33">
<kw name="Create Dictionary" library="BuiltIn">
<var>${headers}</var>
<arg>Content-Type=application/json</arg>
<doc>Creates and returns a dictionary based on the given ``items``.</doc>
<msg timestamp="20230809 22:37:55.936" level="INFO">${headers} = {'Content-Type': 'application/json'}</msg>
<status status="PASS" starttime="20230809 22:37:55.936" endtime="20230809 22:37:55.936"/>
</kw>
<kw name="Create Dictionary" library="BuiltIn">
<var>${params}</var>
<arg>movieId=10</arg>
<arg>actorId=100</arg>
<doc>Creates and returns a dictionary based on the given ``items``.</doc>
<msg timestamp="20230809 22:37:55.936" level="INFO">${params} = {'movieId': '10', 'actorId': '100'}</msg>
<status status="PASS" starttime="20230809 22:37:55.936" endtime="20230809 22:37:55.936"/>
</kw>
<kw name="PUT On Session" library="RequestsLibrary">
<var>${resp}</var>
<arg>localhost</arg>
<arg>/api/v1/addRelationship/</arg>
<arg>json=${params}</arg>
<arg>headers=${headers}</arg>
<arg>expected_status=200</arg>
<doc>Sends a PUT request on a previously created HTTP Session.</doc>
<msg timestamp="20230809 22:37:55.959" level="INFO">PUT Request : url=http://localhost:8080/api/v1/addRelationship/ 
 path_url=/api/v1/addRelationship/ 
 headers={'User-Agent': 'python-requests/2.31.0', 'Accept-Encoding': 'gzip, deflate', 'Accept': '*/*', 'Connection': 'keep-alive', 'Content-Type': 'application/json', 'Content-Length': '35'} 
 body=b'{"movieId": "10", "actorId": "100"}' 
 </msg>
<msg timestamp="20230809 22:37:55.959" level="INFO">PUT Response : url=http://localhost:8080/api/v1/addRelationship/ 
 status=200, reason=OK 
 headers={'Date': 'Thu, 10 Aug 2023 02:37:55 GMT', 'Content-type': 'text/plain; charset=UTF-8', 'Content-length': '31'} 
 body=Relationship made successfully. 
 </msg>
<msg timestamp="20230809 22:37:55.959" level="INFO">${resp} = &lt;Response [200]&gt;</msg>
<status status="PASS" starttime="20230809 22:37:55.936" endtime="20230809 22:37:55.959"/>
</kw>
<status status="PASS" starttime="20230809 22:37:55.936" endtime="20230809 22:37:55.959"/>
</test>
<test id="s1-t7" name="addRelationshipFail" line="38">
<kw name="Create Dictionary" library="BuiltIn">
<var>${headers}</var>
<arg>Content-Type=application/json</arg>
<doc>Creates and returns a dictionary based on the given ``items``.</doc>
<msg timestamp="20230809 22:37:55.959" level="INFO">${headers} = {'Content-Type': 'application/json'}</msg>
<status status="PASS" starttime="20230809 22:37:55.959" endtime="20230809 22:37:55.959"/>
</kw>
<kw name="Create Dictionary" library="BuiltIn">
<var>${params}</var>
<arg>movieId=10</arg>
<arg>actorId=100</arg>
<doc>Creates and returns a dictionary based on the given ``items``.</doc>
<msg timestamp="20230809 22:37:55.960" level="INFO">${params} = {'movieId': '10', 'actorId': '100'}</msg>
<status status="PASS" starttime="20230809 22:37:55.959" endtime="20230809 22:37:55.960"/>
</kw>
<kw name="PUT On Session" library="RequestsLibrary">
<var>${resp}</var>
<arg>localhost</arg>
<arg>/api/v1/addRelationship/</arg>
<arg>json=${params}</arg>
<arg>headers=${headers}</arg>
<arg>expected_status=400</arg>
<doc>Sends a PUT request on a previously created HTTP Session.</doc>
<msg timestamp="20230809 22:37:55.984" level="INFO">PUT Request : url=http://localhost:8080/api/v1/addRelationship/ 
 path_url=/api/v1/addRelationship/ 
 headers={'User-Agent': 'python-requests/2.31.0', 'Accept-Encoding': 'gzip, deflate', 'Accept': '*/*', 'Connection': 'keep-alive', 'Content-Type': 'application/json', 'Content-Length': '35'} 
 body=b'{"movieId": "10", "actorId": "100"}' 
 </msg>
<msg timestamp="20230809 22:37:55.984" level="INFO">PUT Response : url=http://localhost:8080/api/v1/addRelationship/ 
 status=400, reason=Bad Request 
 headers={'Date': 'Thu, 10 Aug 2023 02:37:55 GMT', 'Content-type': 'text/plain; charset=UTF-8', 'Content-length': '56'} 
 body=Relationship already exists between the movie and actor. 
 </msg>
<msg timestamp="20230809 22:37:55.984" level="INFO">${resp} = &lt;Response [400]&gt;</msg>
<status status="PASS" starttime="20230809 22:37:55.960" endtime="20230809 22:37:55.984"/>
</kw>
<status status="PASS" starttime="20230809 22:37:55.959" endtime="20230809 22:37:55.984"/>
</test>
<test id="s1-t8" name="getActorPass" line="45">
<kw name="Create Dictionary" library="BuiltIn">
<var>${headers}</var>
<arg>Content-Type=application/json</arg>
<doc>Creates and returns a dictionary based on the given ``items``.</doc>
<msg timestamp="20230809 22:37:55.985" level="INFO">${headers} = {'Content-Type': 'application/json'}</msg>
<status status="PASS" starttime="20230809 22:37:55.984" endtime="20230809 22:37:55.985"/>
</kw>
<kw name="Create Dictionary" library="BuiltIn">
<var>${params}</var>
<arg>actorId=100</arg>
<doc>Creates and returns a dictionary based on the given ``items``.</doc>
<msg timestamp="20230809 22:37:55.985" level="INFO">${params} = {'actorId': '100'}</msg>
<status status="PASS" starttime="20230809 22:37:55.985" endtime="20230809 22:37:55.985"/>
</kw>
<kw name="GET On Session" library="RequestsLibrary">
<var>${resp}</var>
<arg>localhost</arg>
<arg>/api/v1/getActor/</arg>
<arg>params=${params}</arg>
<arg>headers=${headers}</arg>
<arg>expected_status=200</arg>
<doc>Sends a GET request on a previously created HTTP Session.</doc>
<msg timestamp="20230809 22:37:55.993" level="INFO">GET Request : url=http://localhost:8080/api/v1/getActor/?actorId=100 
 path_url=/api/v1/getActor/?actorId=100 
 headers={'User-Agent': 'python-requests/2.31.0', 'Accept-Encoding': 'gzip, deflate', 'Accept': '*/*', 'Connection': 'keep-alive', 'Content-Type': 'application/json'} 
 body=None 
 </msg>
<msg timestamp="20230809 22:37:55.993" level="INFO">GET Response : url=http://localhost:8080/api/v1/getActor/?actorId=100 
 status=200, reason=OK 
 headers={'Date': 'Thu, 10 Aug 2023 02:37:55 GMT', 'Content-type': 'text/plain; charset=UTF-8', 'Content-length': '52'} 
 body={"movies":["10"],"actorId":"100","name":"al pacino"} 
 </msg>
<msg timestamp="20230809 22:37:55.993" level="INFO">${resp} = &lt;Response [200]&gt;</msg>
<status status="PASS" starttime="20230809 22:37:55.985" endtime="20230809 22:37:55.993"/>
</kw>
<status status="PASS" starttime="20230809 22:37:55.984" endtime="20230809 22:37:55.993"/>
</test>
<test id="s1-t9" name="getActorFail" line="50">
<kw name="Create Dictionary" library="BuiltIn">
<var>${headers}</var>
<arg>Content-Type=application/json</arg>
<doc>Creates and returns a dictionary based on the given ``items``.</doc>
<msg timestamp="20230809 22:37:55.993" level="INFO">${headers} = {'Content-Type': 'application/json'}</msg>
<status status="PASS" starttime="20230809 22:37:55.993" endtime="20230809 22:37:55.993"/>
</kw>
<kw name="Create Dictionary" library="BuiltIn">
<var>${params}</var>
<arg>actorId=101</arg>
<doc>Creates and returns a dictionary based on the given ``items``.</doc>
<msg timestamp="20230809 22:37:55.993" level="INFO">${params} = {'actorId': '101'}</msg>
<status status="PASS" starttime="20230809 22:37:55.993" endtime="20230809 22:37:55.994"/>
</kw>
<kw name="GET On Session" library="RequestsLibrary">
<var>${resp}</var>
<arg>localhost</arg>
<arg>/api/v1/getActor/</arg>
<arg>params=${params}</arg>
<arg>headers=${headers}</arg>
<arg>expected_status=404</arg>
<doc>Sends a GET request on a previously created HTTP Session.</doc>
<msg timestamp="20230809 22:37:55.999" level="INFO">GET Request : url=http://localhost:8080/api/v1/getActor/?actorId=101 
 path_url=/api/v1/getActor/?actorId=101 
 headers={'User-Agent': 'python-requests/2.31.0', 'Accept-Encoding': 'gzip, deflate', 'Accept': '*/*', 'Connection': 'keep-alive', 'Content-Type': 'application/json'} 
 body=None 
 </msg>
<msg timestamp="20230809 22:37:55.999" level="INFO">GET Response : url=http://localhost:8080/api/v1/getActor/?actorId=101 
 status=404, reason=Not Found 
 headers={'Date': 'Thu, 10 Aug 2023 02:37:55 GMT', 'Content-type': 'text/plain; charset=UTF-8', 'Content-length': '44'} 
 body=No actor in the database exists with id: 101 
 </msg>
<msg timestamp="20230809 22:37:55.999" level="INFO">${resp} = &lt;Response [404]&gt;</msg>
<status status="PASS" starttime="20230809 22:37:55.994" endtime="20230809 22:37:56.000"/>
</kw>
<status status="PASS" starttime="20230809 22:37:55.993" endtime="20230809 22:37:56.000"/>
</test>
<test id="s1-t10" name="getMoviePass" line="55">
<kw name="Create Dictionary" library="BuiltIn">
<var>${headers}</var>
<arg>Content-Type=application/json</arg>
<doc>Creates and returns a dictionary based on the given ``items``.</doc>
<msg timestamp="20230809 22:37:56.000" level="INFO">${headers} = {'Content-Type': 'application/json'}</msg>
<status status="PASS" starttime="20230809 22:37:56.000" endtime="20230809 22:37:56.000"/>
</kw>
<kw name="Create Dictionary" library="BuiltIn">
<var>${params}</var>
<arg>movieId=10</arg>
<doc>Creates and returns a dictionary based on the given ``items``.</doc>
<msg timestamp="20230809 22:37:56.000" level="INFO">${params} = {'movieId': '10'}</msg>
<status status="PASS" starttime="20230809 22:37:56.000" endtime="20230809 22:37:56.000"/>
</kw>
<kw name="GET On Session" library="RequestsLibrary">
<var>${resp}</var>
<arg>localhost</arg>
<arg>/api/v1/getMovie/</arg>
<arg>params=${params}</arg>
<arg>headers=${headers}</arg>
<arg>expected_status=200</arg>
<doc>Sends a GET request on a previously created HTTP Session.</doc>
<msg timestamp="20230809 22:37:56.013" level="INFO">GET Request : url=http://localhost:8080/api/v1/getMovie/?movieId=10 
 path_url=/api/v1/getMovie/?movieId=10 
 headers={'User-Agent': 'python-requests/2.31.0', 'Accept-Encoding': 'gzip, deflate', 'Accept': '*/*', 'Connection': 'keep-alive', 'Content-Type': 'application/json'} 
 body=None 
 </msg>
<msg timestamp="20230809 22:37:56.013" level="INFO">GET Response : url=http://localhost:8080/api/v1/getMovie/?movieId=10 
 status=200, reason=OK 
 headers={'Date': 'Thu, 10 Aug 2023 02:37:56 GMT', 'Content-type': 'text/plain; charset=UTF-8', 'Content-length': '57'} 
 body={"actors":["100"],"name":"a few good men","movieId":"10"} 
 </msg>
<msg timestamp="20230809 22:37:56.013" level="INFO">${resp} = &lt;Response [200]&gt;</msg>
<status status="PASS" starttime="20230809 22:37:56.000" endtime="20230809 22:37:56.013"/>
</kw>
<status status="PASS" starttime="20230809 22:37:56.000" endtime="20230809 22:37:56.014"/>
</test>
<test id="s1-t11" name="getMovieFail" line="60">
<kw name="Create Dictionary" library="BuiltIn">
<var>${headers}</var>
<arg>Content-Type=application/json</arg>
<doc>Creates and returns a dictionary based on the given ``items``.</doc>
<msg timestamp="20230809 22:37:56.014" level="INFO">${headers} = {'Content-Type': 'application/json'}</msg>
<status status="PASS" starttime="20230809 22:37:56.014" endtime="20230809 22:37:56.014"/>
</kw>
<kw name="Create Dictionary" library="BuiltIn">
<var>${params}</var>
<arg>movieId=11</arg>
<doc>Creates and returns a dictionary based on the given ``items``.</doc>
<msg timestamp="20230809 22:37:56.014" level="INFO">${params} = {'movieId': '11'}</msg>
<status status="PASS" starttime="20230809 22:37:56.014" endtime="20230809 22:37:56.014"/>
</kw>
<kw name="GET On Session" library="RequestsLibrary">
<var>${resp}</var>
<arg>localhost</arg>
<arg>/api/v1/getMovie/</arg>
<arg>params=${params}</arg>
<arg>headers=${headers}</arg>
<arg>expected_status=404</arg>
<doc>Sends a GET request on a previously created HTTP Session.</doc>
<msg timestamp="20230809 22:37:56.024" level="INFO">GET Request : url=http://localhost:8080/api/v1/getMovie/?movieId=11 
 path_url=/api/v1/getMovie/?movieId=11 
 headers={'User-Agent': 'python-requests/2.31.0', 'Accept-Encoding': 'gzip, deflate', 'Accept': '*/*', 'Connection': 'keep-alive', 'Content-Type': 'application/json'} 
 body=None 
 </msg>
<msg timestamp="20230809 22:37:56.024" level="INFO">GET Response : url=http://localhost:8080/api/v1/getMovie/?movieId=11 
 status=404, reason=Not Found 
 headers={'Date': 'Thu, 10 Aug 2023 02:37:56 GMT', 'Content-type': 'text/plain; charset=UTF-8', 'Content-length': '43'} 
 body=No movie in the database exists with id: 11 
 </msg>
<msg timestamp="20230809 22:37:56.024" level="INFO">${resp} = &lt;Response [404]&gt;</msg>
<status status="PASS" starttime="20230809 22:37:56.014" endtime="20230809 22:37:56.024"/>
</kw>
<status status="PASS" starttime="20230809 22:37:56.014" endtime="20230809 22:37:56.024"/>
</test>
<test id="s1-t12" name="hasRelationshipPass" line="65">
<kw name="Create Dictionary" library="BuiltIn">
<var>${headers}</var>
<arg>Content-Type=application/json</arg>
<doc>Creates and returns a dictionary based on the given ``items``.</doc>
<msg timestamp="20230809 22:37:56.024" level="INFO">${headers} = {'Content-Type': 'application/json'}</msg>
<status status="PASS" starttime="20230809 22:37:56.024" endtime="20230809 22:37:56.024"/>
</kw>
<kw name="Create Dictionary" library="BuiltIn">
<var>${params}</var>
<arg>movieId=10</arg>
<arg>actorId=100</arg>
<doc>Creates and returns a dictionary based on the given ``items``.</doc>
<msg timestamp="20230809 22:37:56.024" level="INFO">${params} = {'movieId': '10', 'actorId': '100'}</msg>
<status status="PASS" starttime="20230809 22:37:56.024" endtime="20230809 22:37:56.024"/>
</kw>
<kw name="GET On Session" library="RequestsLibrary">
<var>${resp}</var>
<arg>localhost</arg>
<arg>/api/v1/hasRelationship/</arg>
<arg>params=${params}</arg>
<arg>headers=${headers}</arg>
<arg>expected_status=200</arg>
<doc>Sends a GET request on a previously created HTTP Session.</doc>
<msg timestamp="20230809 22:37:56.036" level="INFO">GET Request : url=http://localhost:8080/api/v1/hasRelationship/?movieId=10&amp;actorId=100 
 path_url=/api/v1/hasRelationship/?movieId=10&amp;actorId=100 
 headers={'User-Agent': 'python-requests/2.31.0', 'Accept-Encoding': 'gzip, deflate', 'Accept': '*/*', 'Connection': 'keep-alive', 'Content-Type': 'application/json'} 
 body=None 
 </msg>
<msg timestamp="20230809 22:37:56.036" level="INFO">GET Response : url=http://localhost:8080/api/v1/hasRelationship/?movieId=10&amp;actorId=100 
 status=200, reason=OK 
 headers={'Date': 'Thu, 10 Aug 2023 02:37:56 GMT', 'Content-type': 'text/plain; charset=UTF-8', 'Content-length': '55'} 
 body={"actorId":"100","movieId":"10","hasRelationship":true} 
 </msg>
<msg timestamp="20230809 22:37:56.036" level="INFO">${resp} = &lt;Response [200]&gt;</msg>
<status status="PASS" starttime="20230809 22:37:56.024" endtime="20230809 22:37:56.036"/>
</kw>
<status status="PASS" starttime="20230809 22:37:56.024" endtime="20230809 22:37:56.036"/>
</test>
<test id="s1-t13" name="hasRelationshipFail" line="70">
<kw name="Create Dictionary" library="BuiltIn">
<var>${headers}</var>
<arg>Content-Type=application/json</arg>
<doc>Creates and returns a dictionary based on the given ``items``.</doc>
<msg timestamp="20230809 22:37:56.037" level="INFO">${headers} = {'Content-Type': 'application/json'}</msg>
<status status="PASS" starttime="20230809 22:37:56.036" endtime="20230809 22:37:56.037"/>
</kw>
<kw name="Create Dictionary" library="BuiltIn">
<var>${params}</var>
<arg>movieId=11</arg>
<arg>actorId=100</arg>
<doc>Creates and returns a dictionary based on the given ``items``.</doc>
<msg timestamp="20230809 22:37:56.037" level="INFO">${params} = {'movieId': '11', 'actorId': '100'}</msg>
<status status="PASS" starttime="20230809 22:37:56.037" endtime="20230809 22:37:56.037"/>
</kw>
<kw name="GET On Session" library="RequestsLibrary">
<var>${resp}</var>
<arg>localhost</arg>
<arg>/api/v1/hasRelationship/</arg>
<arg>params=${params}</arg>
<arg>headers=${headers}</arg>
<arg>expected_status=404</arg>
<doc>Sends a GET request on a previously created HTTP Session.</doc>
<msg timestamp="20230809 22:37:56.043" level="INFO">GET Request : url=http://localhost:8080/api/v1/hasRelationship/?movieId=11&amp;actorId=100 
 path_url=/api/v1/hasRelationship/?movieId=11&amp;actorId=100 
 headers={'User-Agent': 'python-requests/2.31.0', 'Accept-Encoding': 'gzip, deflate', 'Accept': '*/*', 'Connection': 'keep-alive', 'Content-Type': 'application/json'} 
 body=None 
 </msg>
<msg timestamp="20230809 22:37:56.043" level="INFO">GET Response : url=http://localhost:8080/api/v1/hasRelationship/?movieId=11&amp;actorId=100 
 status=404, reason=Not Found 
 headers={'Date': 'Thu, 10 Aug 2023 02:37:56 GMT', 'Content-type': 'text/plain; charset=UTF-8', 'Content-length': '73'} 
 body=No actor or movie in the database exists with actorId: 100 or movieId: 11 
 </msg>
<msg timestamp="20230809 22:37:56.043" level="INFO">${resp} = &lt;Response [404]&gt;</msg>
<status status="PASS" starttime="20230809 22:37:56.037" endtime="20230809 22:37:56.043"/>
</kw>
<status status="PASS" starttime="20230809 22:37:56.036" endtime="20230809 22:37:56.043"/>
</test>
<test id="s1-t14" name="computeBaconNumberSetupAddActorPass" line="77">
<kw name="Create Dictionary" library="BuiltIn">
<var>${headers}</var>
<arg>Content-Type=application/json</arg>
<doc>Creates and returns a dictionary based on the given ``items``.</doc>
<msg timestamp="20230809 22:37:56.044" level="INFO">${headers} = {'Content-Type': 'application/json'}</msg>
<status status="PASS" starttime="20230809 22:37:56.044" endtime="20230809 22:37:56.044"/>
</kw>
<kw name="Create Dictionary" library="BuiltIn">
<var>${params}</var>
<arg>actorId=150</arg>
<arg>name=keanu reeves</arg>
<doc>Creates and returns a dictionary based on the given ``items``.</doc>
<msg timestamp="20230809 22:37:56.044" level="INFO">${params} = {'actorId': '150', 'name': 'keanu reeves'}</msg>
<status status="PASS" starttime="20230809 22:37:56.044" endtime="20230809 22:37:56.044"/>
</kw>
<kw name="PUT On Session" library="RequestsLibrary">
<var>${resp}</var>
<arg>localhost</arg>
<arg>/api/v1/addActor/</arg>
<arg>json=${params}</arg>
<arg>headers=${headers}</arg>
<arg>expected_status=200</arg>
<doc>Sends a PUT request on a previously created HTTP Session.</doc>
<msg timestamp="20230809 22:37:56.059" level="INFO">PUT Request : url=http://localhost:8080/api/v1/addActor/ 
 path_url=/api/v1/addActor/ 
 headers={'User-Agent': 'python-requests/2.31.0', 'Accept-Encoding': 'gzip, deflate', 'Accept': '*/*', 'Connection': 'keep-alive', 'Content-Type': 'application/json', 'Content-Length': '42'} 
 body=b'{"actorId": "150", "name": "keanu reeves"}' 
 </msg>
<msg timestamp="20230809 22:37:56.059" level="INFO">PUT Response : url=http://localhost:8080/api/v1/addActor/ 
 status=200, reason=OK 
 headers={'Date': 'Thu, 10 Aug 2023 02:37:56 GMT', 'Content-type': 'text/plain; charset=UTF-8', 'Content-length': '25'} 
 body=Actor added successfully. 
 </msg>
<msg timestamp="20230809 22:37:56.059" level="INFO">${resp} = &lt;Response [200]&gt;</msg>
<status status="PASS" starttime="20230809 22:37:56.044" endtime="20230809 22:37:56.059"/>
</kw>
<status status="PASS" starttime="20230809 22:37:56.044" endtime="20230809 22:37:56.059"/>
</test>
<test id="s1-t15" name="computeBaconNumberSetupAddRelationshipPass" line="82">
<kw name="Create Dictionary" library="BuiltIn">
<var>${headers}</var>
<arg>Content-Type=application/json</arg>
<doc>Creates and returns a dictionary based on the given ``items``.</doc>
<msg timestamp="20230809 22:37:56.060" level="INFO">${headers} = {'Content-Type': 'application/json'}</msg>
<status status="PASS" starttime="20230809 22:37:56.059" endtime="20230809 22:37:56.060"/>
</kw>
<kw name="Create Dictionary" library="BuiltIn">
<var>${params}</var>
<arg>movieId=10</arg>
<arg>actorId=nm0000102</arg>
<doc>Creates and returns a dictionary based on the given ``items``.</doc>
<msg timestamp="20230809 22:37:56.060" level="INFO">${params} = {'movieId': '10', 'actorId': 'nm0000102'}</msg>
<status status="PASS" starttime="20230809 22:37:56.060" endtime="20230809 22:37:56.060"/>
</kw>
<kw name="PUT On Session" library="RequestsLibrary">
<var>${resp}</var>
<arg>localhost</arg>
<arg>/api/v1/addRelationship/</arg>
<arg>json=${params}</arg>
<arg>headers=${headers}</arg>
<arg>expected_status=200</arg>
<doc>Sends a PUT request on a previously created HTTP Session.</doc>
<msg timestamp="20230809 22:37:56.087" level="INFO">PUT Request : url=http://localhost:8080/api/v1/addRelationship/ 
 path_url=/api/v1/addRelationship/ 
 headers={'User-Agent': 'python-requests/2.31.0', 'Accept-Encoding': 'gzip, deflate', 'Accept': '*/*', 'Connection': 'keep-alive', 'Content-Type': 'application/json', 'Content-Length': '41'} 
 body=b'{"movieId": "10", "actorId": "nm0000102"}' 
 </msg>
<msg timestamp="20230809 22:37:56.087" level="INFO">PUT Response : url=http://localhost:8080/api/v1/addRelationship/ 
 status=200, reason=OK 
 headers={'Date': 'Thu, 10 Aug 2023 02:37:56 GMT', 'Content-type': 'text/plain; charset=UTF-8', 'Content-length': '31'} 
 body=Relationship made successfully. 
 </msg>
<msg timestamp="20230809 22:37:56.087" level="INFO">${resp} = &lt;Response [200]&gt;</msg>
<status status="PASS" starttime="20230809 22:37:56.060" endtime="20230809 22:37:56.087"/>
</kw>
<status status="PASS" starttime="20230809 22:37:56.059" endtime="20230809 22:37:56.087"/>
</test>
<test id="s1-t16" name="computeBaconNumberPass" line="87">
<kw name="Create Dictionary" library="BuiltIn">
<var>${headers}</var>
<arg>Content-Type=application/json</arg>
<doc>Creates and returns a dictionary based on the given ``items``.</doc>
<msg timestamp="20230809 22:37:56.087" level="INFO">${headers} = {'Content-Type': 'application/json'}</msg>
<status status="PASS" starttime="20230809 22:37:56.087" endtime="20230809 22:37:56.087"/>
</kw>
<kw name="Create Dictionary" library="BuiltIn">
<var>${params}</var>
<arg>actorId=100</arg>
<doc>Creates and returns a dictionary based on the given ``items``.</doc>
<msg timestamp="20230809 22:37:56.087" level="INFO">${params} = {'actorId': '100'}</msg>
<status status="PASS" starttime="20230809 22:37:56.087" endtime="20230809 22:37:56.087"/>
</kw>
<kw name="GET On Session" library="RequestsLibrary">
<var>${resp}</var>
<arg>localhost</arg>
<arg>/api/v1/computeBaconNumber/</arg>
<arg>params=${params}</arg>
<arg>headers=${headers}</arg>
<arg>expected_status=200</arg>
<doc>Sends a GET request on a previously created HTTP Session.</doc>
<msg timestamp="20230809 22:37:56.112" level="INFO">GET Request : url=http://localhost:8080/api/v1/computeBaconNumber/?actorId=100 
 path_url=/api/v1/computeBaconNumber/?actorId=100 
 headers={'User-Agent': 'python-requests/2.31.0', 'Accept-Encoding': 'gzip, deflate', 'Accept': '*/*', 'Connection': 'keep-alive', 'Content-Type': 'application/json'} 
 body=None 
 </msg>
<msg timestamp="20230809 22:37:56.112" level="INFO">GET Response : url=http://localhost:8080/api/v1/computeBaconNumber/?actorId=100 
 status=200, reason=OK 
 headers={'Date': 'Thu, 10 Aug 2023 02:37:56 GMT', 'Content-type': 'text/plain; charset=UTF-8', 'Content-length': '17'} 
 body={"baconNumber":1} 
 </msg>
<msg timestamp="20230809 22:37:56.113" level="INFO">${resp} = &lt;Response [200]&gt;</msg>
<status status="PASS" starttime="20230809 22:37:56.087" endtime="20230809 22:37:56.113"/>
</kw>
<status status="PASS" starttime="20230809 22:37:56.087" endtime="20230809 22:37:56.113"/>
</test>
<test id="s1-t17" name="computeBaconNumberFail" line="92">
<kw name="Create Dictionary" library="BuiltIn">
<var>${headers}</var>
<arg>Content-Type=application/json</arg>
<doc>Creates and returns a dictionary based on the given ``items``.</doc>
<msg timestamp="20230809 22:37:56.114" level="INFO">${headers} = {'Content-Type': 'application/json'}</msg>
<status status="PASS" starttime="20230809 22:37:56.113" endtime="20230809 22:37:56.114"/>
</kw>
<kw name="Create Dictionary" library="BuiltIn">
<var>${params}</var>
<arg>actorId=150</arg>
<doc>Creates and returns a dictionary based on the given ``items``.</doc>
<msg timestamp="20230809 22:37:56.114" level="INFO">${params} = {'actorId': '150'}</msg>
<status status="PASS" starttime="20230809 22:37:56.114" endtime="20230809 22:37:56.114"/>
</kw>
<kw name="GET On Session" library="RequestsLibrary">
<var>${resp}</var>
<arg>localhost</arg>
<arg>/api/v1/computeBaconNumber/</arg>
<arg>params=${params}</arg>
<arg>headers=${headers}</arg>
<arg>expected_status=404</arg>
<doc>Sends a GET request on a previously created HTTP Session.</doc>
<msg timestamp="20230809 22:37:56.126" level="INFO">GET Request : url=http://localhost:8080/api/v1/computeBaconNumber/?actorId=150 
 path_url=/api/v1/computeBaconNumber/?actorId=150 
 headers={'User-Agent': 'python-requests/2.31.0', 'Accept-Encoding': 'gzip, deflate', 'Accept': '*/*', 'Connection': 'keep-alive', 'Content-Type': 'application/json'} 
 body=None 
 </msg>
<msg timestamp="20230809 22:37:56.127" level="INFO">GET Response : url=http://localhost:8080/api/v1/computeBaconNumber/?actorId=150 
 status=404, reason=Not Found 
 headers={'Date': 'Thu, 10 Aug 2023 02:37:56 GMT', 'Content-type': 'text/plain; charset=UTF-8', 'Content-length': '116'} 
 body=There is no movie or actor in the database that exists with that actorId/movieId or there is no path to Kevin Bacon. 
 </msg>
<msg timestamp="20230809 22:37:56.127" level="INFO">${resp} = &lt;Response [404]&gt;</msg>
<status status="PASS" starttime="20230809 22:37:56.114" endtime="20230809 22:37:56.127"/>
</kw>
<status status="PASS" starttime="20230809 22:37:56.113" endtime="20230809 22:37:56.127"/>
</test>
<test id="s1-t18" name="computeBaconPathPass" line="97">
<kw name="Create Dictionary" library="BuiltIn">
<var>${headers}</var>
<arg>Content-Type=application/json</arg>
<doc>Creates and returns a dictionary based on the given ``items``.</doc>
<msg timestamp="20230809 22:37:56.128" level="INFO">${headers} = {'Content-Type': 'application/json'}</msg>
<status status="PASS" starttime="20230809 22:37:56.128" endtime="20230809 22:37:56.128"/>
</kw>
<kw name="Create Dictionary" library="BuiltIn">
<var>${params}</var>
<arg>actorId=100</arg>
<doc>Creates and returns a dictionary based on the given ``items``.</doc>
<msg timestamp="20230809 22:37:56.129" level="INFO">${params} = {'actorId': '100'}</msg>
<status status="PASS" starttime="20230809 22:37:56.128" endtime="20230809 22:37:56.129"/>
</kw>
<kw name="GET On Session" library="RequestsLibrary">
<var>${resp}</var>
<arg>localhost</arg>
<arg>/api/v1/computeBaconPath/</arg>
<arg>params=${params}</arg>
<arg>headers=${headers}</arg>
<arg>expected_status=200</arg>
<doc>Sends a GET request on a previously created HTTP Session.</doc>
<msg timestamp="20230809 22:37:56.137" level="INFO">GET Request : url=http://localhost:8080/api/v1/computeBaconPath/?actorId=100 
 path_url=/api/v1/computeBaconPath/?actorId=100 
 headers={'User-Agent': 'python-requests/2.31.0', 'Accept-Encoding': 'gzip, deflate', 'Accept': '*/*', 'Connection': 'keep-alive', 'Content-Type': 'application/json'} 
 body=None 
 </msg>
<msg timestamp="20230809 22:37:56.137" level="INFO">GET Response : url=http://localhost:8080/api/v1/computeBaconPath/?actorId=100 
 status=200, reason=OK 
 headers={'Date': 'Thu, 10 Aug 2023 02:37:56 GMT', 'Content-type': 'text/plain; charset=UTF-8', 'Content-length': '36'} 
 body={"baconPath":"[100, 10, nm0000102]"} 
 </msg>
<msg timestamp="20230809 22:37:56.138" level="INFO">${resp} = &lt;Response [200]&gt;</msg>
<status status="PASS" starttime="20230809 22:37:56.129" endtime="20230809 22:37:56.138"/>
</kw>
<status status="PASS" starttime="20230809 22:37:56.127" endtime="20230809 22:37:56.138"/>
</test>
<test id="s1-t19" name="computeBaconPathFail" line="102">
<kw name="Create Dictionary" library="BuiltIn">
<var>${headers}</var>
<arg>Content-Type=application/json</arg>
<doc>Creates and returns a dictionary based on the given ``items``.</doc>
<msg timestamp="20230809 22:37:56.139" level="INFO">${headers} = {'Content-Type': 'application/json'}</msg>
<status status="PASS" starttime="20230809 22:37:56.139" endtime="20230809 22:37:56.139"/>
</kw>
<kw name="Create Dictionary" library="BuiltIn">
<var>${params}</var>
<arg>actorId=151</arg>
<doc>Creates and returns a dictionary based on the given ``items``.</doc>
<msg timestamp="20230809 22:37:56.139" level="INFO">${params} = {'actorId': '151'}</msg>
<status status="PASS" starttime="20230809 22:37:56.139" endtime="20230809 22:37:56.139"/>
</kw>
<kw name="GET On Session" library="RequestsLibrary">
<var>${resp}</var>
<arg>localhost</arg>
<arg>/api/v1/computeBaconPath/</arg>
<arg>params=${params}</arg>
<arg>headers=${headers}</arg>
<arg>expected_status=404</arg>
<doc>Sends a GET request on a previously created HTTP Session.</doc>
<msg timestamp="20230809 22:37:56.148" level="INFO">GET Request : url=http://localhost:8080/api/v1/computeBaconPath/?actorId=151 
 path_url=/api/v1/computeBaconPath/?actorId=151 
 headers={'User-Agent': 'python-requests/2.31.0', 'Accept-Encoding': 'gzip, deflate', 'Accept': '*/*', 'Connection': 'keep-alive', 'Content-Type': 'application/json'} 
 body=None 
 </msg>
<msg timestamp="20230809 22:37:56.148" level="INFO">GET Response : url=http://localhost:8080/api/v1/computeBaconPath/?actorId=151 
 status=404, reason=Not Found 
 headers={'Date': 'Thu, 10 Aug 2023 02:37:56 GMT', 'Content-type': 'text/plain; charset=UTF-8', 'Content-length': '44'} 
 body=No actor in the database exists with id: 151 
 </msg>
<msg timestamp="20230809 22:37:56.149" level="INFO">${resp} = &lt;Response [404]&gt;</msg>
<status status="PASS" starttime="20230809 22:37:56.139" endtime="20230809 22:37:56.149"/>
</kw>
<status status="PASS" starttime="20230809 22:37:56.138" endtime="20230809 22:37:56.149"/>
</test>
<test id="s1-t20" name="getActorCostarsPass" line="109">
<kw name="Create Dictionary" library="BuiltIn">
<var>${headers}</var>
<arg>Content-Type=application/json</arg>
<doc>Creates and returns a dictionary based on the given ``items``.</doc>
<msg timestamp="20230809 22:37:56.150" level="INFO">${headers} = {'Content-Type': 'application/json'}</msg>
<status status="PASS" starttime="20230809 22:37:56.150" endtime="20230809 22:37:56.150"/>
</kw>
<kw name="Create Dictionary" library="BuiltIn">
<var>${params}</var>
<arg>actorId=100</arg>
<doc>Creates and returns a dictionary based on the given ``items``.</doc>
<msg timestamp="20230809 22:37:56.151" level="INFO">${params} = {'actorId': '100'}</msg>
<status status="PASS" starttime="20230809 22:37:56.150" endtime="20230809 22:37:56.151"/>
</kw>
<kw name="GET On Session" library="RequestsLibrary">
<var>${resp}</var>
<arg>localhost</arg>
<arg>/api/v1/getActorCostars/</arg>
<arg>params=${params}</arg>
<arg>headers=${headers}</arg>
<arg>expected_status=200</arg>
<doc>Sends a GET request on a previously created HTTP Session.</doc>
<msg timestamp="20230809 22:37:56.174" level="INFO">GET Request : url=http://localhost:8080/api/v1/getActorCostars/?actorId=100 
 path_url=/api/v1/getActorCostars/?actorId=100 
 headers={'User-Agent': 'python-requests/2.31.0', 'Accept-Encoding': 'gzip, deflate', 'Accept': '*/*', 'Connection': 'keep-alive', 'Content-Type': 'application/json'} 
 body=None 
 </msg>
<msg timestamp="20230809 22:37:56.174" level="INFO">GET Response : url=http://localhost:8080/api/v1/getActorCostars/?actorId=100 
 status=200, reason=OK 
 headers={'Date': 'Thu, 10 Aug 2023 02:37:56 GMT', 'Content-type': 'text/plain; charset=UTF-8', 'Content-length': '25'} 
 body={"costars":["nm0000102"]} 
 </msg>
<msg timestamp="20230809 22:37:56.174" level="INFO">${resp} = &lt;Response [200]&gt;</msg>
<status status="PASS" starttime="20230809 22:37:56.151" endtime="20230809 22:37:56.174"/>
</kw>
<status status="PASS" starttime="20230809 22:37:56.149" endtime="20230809 22:37:56.175"/>
</test>
<test id="s1-t21" name="getActorCostarsFail" line="114">
<kw name="Create Dictionary" library="BuiltIn">
<var>${headers}</var>
<arg>Content-Type=application/json</arg>
<doc>Creates and returns a dictionary based on the given ``items``.</doc>
<msg timestamp="20230809 22:37:56.175" level="INFO">${headers} = {'Content-Type': 'application/json'}</msg>
<status status="PASS" starttime="20230809 22:37:56.175" endtime="20230809 22:37:56.175"/>
</kw>
<kw name="Create Dictionary" library="BuiltIn">
<var>${params}</var>
<arg>actorId=300</arg>
<doc>Creates and returns a dictionary based on the given ``items``.</doc>
<msg timestamp="20230809 22:37:56.176" level="INFO">${params} = {'actorId': '300'}</msg>
<status status="PASS" starttime="20230809 22:37:56.176" endtime="20230809 22:37:56.176"/>
</kw>
<kw name="GET On Session" library="RequestsLibrary">
<var>${resp}</var>
<arg>localhost</arg>
<arg>/api/v1/getActorCostars/</arg>
<arg>params=${params}</arg>
<arg>headers=${headers}</arg>
<arg>expected_status=404</arg>
<doc>Sends a GET request on a previously created HTTP Session.</doc>
<msg timestamp="20230809 22:37:56.182" level="INFO">GET Request : url=http://localhost:8080/api/v1/getActorCostars/?actorId=300 
 path_url=/api/v1/getActorCostars/?actorId=300 
 headers={'User-Agent': 'python-requests/2.31.0', 'Accept-Encoding': 'gzip, deflate', 'Accept': '*/*', 'Connection': 'keep-alive', 'Content-Type': 'application/json'} 
 body=None 
 </msg>
<msg timestamp="20230809 22:37:56.182" level="INFO">GET Response : url=http://localhost:8080/api/v1/getActorCostars/?actorId=300 
 status=404, reason=Not Found 
 headers={'Date': 'Thu, 10 Aug 2023 02:37:56 GMT', 'Content-type': 'text/plain; charset=UTF-8', 'Content-length': '44'} 
 body=No actor in the database exists with id: 300 
 </msg>
<msg timestamp="20230809 22:37:56.182" level="INFO">${resp} = &lt;Response [404]&gt;</msg>
<status status="PASS" starttime="20230809 22:37:56.176" endtime="20230809 22:37:56.182"/>
</kw>
<status status="PASS" starttime="20230809 22:37:56.175" endtime="20230809 22:37:56.182"/>
</test>
<status status="PASS" starttime="20230809 22:37:55.748" endtime="20230809 22:37:56.183"/>
</suite>
<statistics>
<total>
<stat pass="21" fail="0" skip="0">All Tests</stat>
</total>
<tag>
</tag>
<suite>
<stat pass="21" fail="0" skip="0" id="s1" name="Api Test">Api Test</stat>
</suite>
</statistics>
<errors>
</errors>
</robot>
